Arguments: 
  /Users/barryearsman/.nvm/versions/node/v18.18.2/bin/node /Users/barryearsman/.cache/node/corepack/yarn/1.22.19/bin/yarn.js add @tsconfig/recommende

PATH: 
  /Users/barryearsman/Downloads/google-cloud-sdk/bin:/Users/barryearsman/.nvm/versions/node/v18.18.2/bin:/Applications/Sublime Text.app/Contents/SharedSupport/bin:/opt/homebrew/bin:/opt/homebrew/sbin:/usr/local/bin:/System/Cryptexes/App/usr/bin:/usr/bin:/bin:/usr/sbin:/sbin:/usr/local/MacGPG2/bin:/Library/Apple/usr/bin:/Users/barryearsman/.pub-cache/bin:/Users/barryearsman/utils/flutter/bin

Yarn version: 
  1.22.19

Node version: 
  18.18.2

Platform: 
  darwin arm64

Trace: 
  Error: https://registry.yarnpkg.com/@tsconfig%2frecommende: Not found
      at params.callback [as _callback] (/Users/barryearsman/.cache/node/corepack/yarn/1.22.19/lib/cli.js:66145:18)
      at self.callback (/Users/barryearsman/.cache/node/corepack/yarn/1.22.19/lib/cli.js:140890:22)
      at Request.emit (node:events:517:28)
      at Request.<anonymous> (/Users/barryearsman/.cache/node/corepack/yarn/1.22.19/lib/cli.js:141862:10)
      at Request.emit (node:events:517:28)
      at IncomingMessage.<anonymous> (/Users/barryearsman/.cache/node/corepack/yarn/1.22.19/lib/cli.js:141784:12)
      at Object.onceWrapper (node:events:631:28)
      at IncomingMessage.emit (node:events:529:35)
      at endReadableNT (node:internal/streams/readable:1368:12)
      at process.processTicksAndRejections (node:internal/process/task_queues:82:21)

npm manifest: 
  {
    "dependencies": {
      "@tsconfig/recommended": "^1.0.3",
      "@types/node": "^20.11.21",
      "typescript": "^5.3.3"
    },
    "scripts": {
      "start": "ts-node ./gronk.ts",
      "build": "tsc"
    },
    "name": "gronk.client",
    "version": "1.0.0",
    "main": "index.js",
    "author": "Barry Earsman",
    "license": "MIT"
  }

yarn manifest: 
  No manifest

Lockfile: 
  # THIS IS AN AUTOGENERATED FILE. DO NOT EDIT THIS FILE DIRECTLY.
  # yarn lockfile v1
  
  
  "@tsconfig/recommended@^1.0.3":
    version "1.0.3"
    resolved "https://registry.yarnpkg.com/@tsconfig/recommended/-/recommended-1.0.3.tgz#742540ba9170897a44097e838bca411abf56ccd2"
    integrity sha512-+jby/Guq9H8O7NWgCv6X8VAiQE8Dr/nccsCtL74xyHKhu2Knu5EAKmOZj3nLCnLm1KooUzKY+5DsnGVqhM8/wQ==
  
  "@types/node@^20.11.21":
    version "20.11.21"
    resolved "https://registry.yarnpkg.com/@types/node/-/node-20.11.21.tgz#ad67e65652f7be15686e2df87a38076a81c5e9c5"
    integrity sha512-/ySDLGscFPNasfqStUuWWPfL78jompfIoVzLJPVVAHBh6rpG68+pI2Gk+fNLeI8/f1yPYL4s46EleVIc20F1Ow==
    dependencies:
      undici-types "~5.26.4"
  
  typescript@^5.3.3:
    version "5.3.3"
    resolved "https://registry.yarnpkg.com/typescript/-/typescript-5.3.3.tgz#b3ce6ba258e72e6305ba66f5c9b452aaee3ffe37"
    integrity sha512-pXWcraxM0uxAS+tN0AG/BF2TyqmHO014Z070UsJ+pFvYuRSq8KH8DmWpnbXe0pEPDHXZV3FcAbJkijJ5oNEnWw==
  
  undici-types@~5.26.4:
    version "5.26.5"
    resolved "https://registry.yarnpkg.com/undici-types/-/undici-types-5.26.5.tgz#bcd539893d00b56e964fd2657a4866b221a65617"
    integrity sha512-JlCMO+ehdEIKqlFxk6IfVoAUVmgz7cU7zD/h9XZ0qzeosSHmUJVOzSQvvYSYWXkFXC+IfLKSIffhv0sVZup6pA==
